16:06:05,983 graphrag.config.read_dotenv INFO Loading pipeline .env file
16:06:05,989 graphrag.index.cli INFO using default configuration: {
    "llm": {
        "api_key": "REDACTED, length 9",
        "type": "openai_chat",
        "model": "meta-llama/Meta-Llama-3-8B-Instruct",
        "max_tokens": 3000,
        "temperature": 0.0,
        "top_p": 1.0,
        "n": 1,
        "request_timeout": 180.0,
        "api_base": "http://localhost:8000/v1",
        "api_version": null,
        "proxy": null,
        "cognitive_services_endpoint": null,
        "deployment_name": null,
        "model_supports_json": true,
        "tokens_per_minute": 3000,
        "requests_per_minute": 100,
        "max_retries": 3,
        "max_retry_wait": 10.0,
        "sleep_on_rate_limit_recommendation": true,
        "concurrent_requests": 25
    },
    "parallelization": {
        "stagger": 0.3,
        "num_threads": 50
    },
    "async_mode": "threaded",
    "root_dir": "./ragtest",
    "reporting": {
        "type": "file",
        "base_dir": "output/${timestamp}/reports",
        "storage_account_blob_url": null
    },
    "storage": {
        "type": "file",
        "base_dir": "output/${timestamp}/artifacts",
        "storage_account_blob_url": null
    },
    "cache": {
        "type": "file",
        "base_dir": "cache",
        "storage_account_blob_url": null
    },
    "input": {
        "type": "file",
        "file_type": "text",
        "base_dir": "input",
        "storage_account_blob_url": null,
        "encoding": "utf-8",
        "file_pattern": ".*\\.txt$",
        "file_filter": null,
        "source_column": null,
        "timestamp_column": null,
        "timestamp_format": null,
        "text_column": "text",
        "title_column": null,
        "document_attribute_columns": []
    },
    "embed_graph": {
        "enabled": false,
        "num_walks": 10,
        "walk_length": 40,
        "window_size": 2,
        "iterations": 3,
        "random_seed": 597832,
        "strategy": null
    },
    "embeddings": {
        "llm": {
            "api_key": "REDACTED, length 9",
            "type": "openai_embedding",
            "model": "nomic-ai/nomic-embed-text-v1.5",
            "max_tokens": 4000,
            "temperature": 0,
            "top_p": 1,
            "n": 1,
            "request_timeout": 180.0,
            "api_base": "http://localhost:5000/embed",
            "api_version": null,
            "proxy": null,
            "cognitive_services_endpoint": null,
            "deployment_name": null,
            "model_supports_json": null,
            "tokens_per_minute": 0,
            "requests_per_minute": 0,
            "max_retries": 10,
            "max_retry_wait": 10.0,
            "sleep_on_rate_limit_recommendation": true,
            "concurrent_requests": 25
        },
        "parallelization": {
            "stagger": 0.3,
            "num_threads": 50
        },
        "async_mode": "threaded",
        "batch_size": 16,
        "batch_max_tokens": 8191,
        "target": "required",
        "skip": [],
        "vector_store": null,
        "strategy": null
    },
    "chunks": {
        "size": 300,
        "overlap": 100,
        "group_by_columns": [
            "id"
        ],
        "strategy": null
    },
    "snapshots": {
        "graphml": false,
        "raw_entities": false,
        "top_level_nodes": false
    },
    "entity_extraction": {
        "llm": {
            "api_key": "REDACTED, length 9",
            "type": "openai_chat",
            "model": "meta-llama/Meta-Llama-3-8B-Instruct",
            "max_tokens": 3000,
            "temperature": 0.0,
            "top_p": 1.0,
            "n": 1,
            "request_timeout": 180.0,
            "api_base": "http://localhost:8000/v1",
            "api_version": null,
            "proxy": null,
            "cognitive_services_endpoint": null,
            "deployment_name": null,
            "model_supports_json": true,
            "tokens_per_minute": 3000,
            "requests_per_minute": 100,
            "max_retries": 3,
            "max_retry_wait": 10.0,
            "sleep_on_rate_limit_recommendation": true,
            "concurrent_requests": 25
        },
        "parallelization": {
            "stagger": 0.3,
            "num_threads": 50
        },
        "async_mode": "threaded",
        "prompt": "prompts/entity_extraction.txt",
        "entity_types": [
            "organization",
            "person",
            "geo",
            "event"
        ],
        "max_gleanings": 0,
        "strategy": null
    },
    "summarize_descriptions": {
        "llm": {
            "api_key": "REDACTED, length 9",
            "type": "openai_chat",
            "model": "meta-llama/Meta-Llama-3-8B-Instruct",
            "max_tokens": 3000,
            "temperature": 0.0,
            "top_p": 1.0,
            "n": 1,
            "request_timeout": 180.0,
            "api_base": "http://localhost:8000/v1",
            "api_version": null,
            "proxy": null,
            "cognitive_services_endpoint": null,
            "deployment_name": null,
            "model_supports_json": true,
            "tokens_per_minute": 3000,
            "requests_per_minute": 100,
            "max_retries": 3,
            "max_retry_wait": 10.0,
            "sleep_on_rate_limit_recommendation": true,
            "concurrent_requests": 25
        },
        "parallelization": {
            "stagger": 0.3,
            "num_threads": 50
        },
        "async_mode": "threaded",
        "prompt": "prompts/summarize_descriptions.txt",
        "max_length": 500,
        "strategy": null
    },
    "community_reports": {
        "llm": {
            "api_key": "REDACTED, length 9",
            "type": "openai_chat",
            "model": "meta-llama/Meta-Llama-3-8B-Instruct",
            "max_tokens": 3000,
            "temperature": 0.0,
            "top_p": 1.0,
            "n": 1,
            "request_timeout": 180.0,
            "api_base": "http://localhost:8000/v1",
            "api_version": null,
            "proxy": null,
            "cognitive_services_endpoint": null,
            "deployment_name": null,
            "model_supports_json": true,
            "tokens_per_minute": 3000,
            "requests_per_minute": 100,
            "max_retries": 3,
            "max_retry_wait": 10.0,
            "sleep_on_rate_limit_recommendation": true,
            "concurrent_requests": 25
        },
        "parallelization": {
            "stagger": 0.3,
            "num_threads": 50
        },
        "async_mode": "threaded",
        "prompt": null,
        "max_length": 2000,
        "max_input_length": 8000,
        "strategy": null
    },
    "claim_extraction": {
        "llm": {
            "api_key": "REDACTED, length 9",
            "type": "openai_chat",
            "model": "meta-llama/Meta-Llama-3-8B-Instruct",
            "max_tokens": 3000,
            "temperature": 0.0,
            "top_p": 1.0,
            "n": 1,
            "request_timeout": 180.0,
            "api_base": "http://localhost:8000/v1",
            "api_version": null,
            "proxy": null,
            "cognitive_services_endpoint": null,
            "deployment_name": null,
            "model_supports_json": true,
            "tokens_per_minute": 3000,
            "requests_per_minute": 100,
            "max_retries": 3,
            "max_retry_wait": 10.0,
            "sleep_on_rate_limit_recommendation": true,
            "concurrent_requests": 25
        },
        "parallelization": {
            "stagger": 0.3,
            "num_threads": 50
        },
        "async_mode": "threaded",
        "enabled": false,
        "prompt": "prompts/claim_extraction.txt",
        "description": "Any claims or facts that could be relevant to information discovery.",
        "max_gleanings": 0,
        "strategy": null
    },
    "cluster_graph": {
        "max_cluster_size": 10,
        "strategy": null
    },
    "umap": {
        "enabled": false
    },
    "local_search": {
        "text_unit_prop": 0.5,
        "community_prop": 0.1,
        "conversation_history_max_turns": 5,
        "top_k_entities": 10,
        "top_k_relationships": 10,
        "max_tokens": 12000,
        "llm_max_tokens": 2000
    },
    "global_search": {
        "temperature": 0.0,
        "top_p": 1.0,
        "n": 1,
        "max_tokens": 12000,
        "data_max_tokens": 12000,
        "map_max_tokens": 1000,
        "reduce_max_tokens": 2000,
        "concurrency": 32
    },
    "encoding_model": "cl100k_base",
    "skip_workflows": []
}
16:06:05,990 graphrag.index.create_pipeline_config INFO skipping workflows 
16:06:05,993 graphrag.index.run INFO Running pipeline
16:06:05,993 graphrag.index.storage.file_pipeline_storage INFO Creating file storage at ragtest/output/20240711-160605/artifacts
16:06:05,995 graphrag.index.input.load_input INFO loading input from root_dir=input
16:06:05,995 graphrag.index.input.load_input INFO using file storage for input
16:06:05,996 graphrag.index.storage.file_pipeline_storage INFO search ragtest/input for files matching .*\.txt$
16:06:05,996 graphrag.index.input.text INFO found text files from input, found [('book.txt', {})]
16:06:06,0 graphrag.index.workflows.load INFO Workflow Run Order: ['create_base_text_units', 'create_base_extracted_entities', 'create_summarized_entities', 'create_base_entity_graph', 'create_final_entities', 'create_final_nodes', 'create_final_communities', 'join_text_units_to_entity_ids', 'create_final_relationships', 'join_text_units_to_relationship_ids', 'create_final_community_reports', 'create_final_text_units', 'create_base_documents', 'create_final_documents']
16:06:06,0 graphrag.index.run INFO Final # of rows loaded: 1
16:06:06,111 graphrag.index.run INFO Running workflow: create_base_text_units...
16:06:06,111 graphrag.index.run INFO dependencies for create_base_text_units: []
16:06:06,115 datashaper.workflow.workflow INFO executing verb orderby
16:06:06,118 datashaper.workflow.workflow INFO executing verb zip
16:06:06,122 datashaper.workflow.workflow INFO executing verb aggregate_override
16:06:06,130 datashaper.workflow.workflow INFO executing verb chunk
16:06:06,323 datashaper.workflow.workflow INFO executing verb select
16:06:06,328 datashaper.workflow.workflow INFO executing verb unroll
16:06:06,336 datashaper.workflow.workflow INFO executing verb rename
16:06:06,344 datashaper.workflow.workflow INFO executing verb genid
16:06:06,351 datashaper.workflow.workflow INFO executing verb unzip
16:06:06,358 datashaper.workflow.workflow INFO executing verb copy
16:06:06,364 datashaper.workflow.workflow INFO executing verb filter
16:06:06,379 graphrag.index.emit.parquet_table_emitter INFO emitting parquet table create_base_text_units.parquet
16:06:06,514 graphrag.index.run INFO Running workflow: create_base_extracted_entities...
16:06:06,514 graphrag.index.run INFO dependencies for create_base_extracted_entities: ['create_base_text_units']
16:06:06,515 graphrag.index.run INFO read table from storage: create_base_text_units.parquet
16:06:06,531 datashaper.workflow.workflow INFO executing verb entity_extract
16:06:06,532 graphrag.llm.openai.create_openai_client INFO Creating OpenAI client base_url=http://localhost:8000/v1
16:06:06,589 graphrag.index.llm.load_llm INFO create TPM/RPM limiter for meta-llama/Meta-Llama-3-8B-Instruct: TPM=3000, RPM=100
16:06:06,589 graphrag.index.llm.load_llm INFO create concurrency limiter for meta-llama/Meta-Llama-3-8B-Instruct: 25
16:06:12,864 httpx INFO HTTP Request: POST http://localhost:8000/v1/chat/completions "HTTP/1.1 200 OK"
16:06:12,868 graphrag.llm.base.rate_limiting_llm INFO perf - llm.chat "Process" with 0 retries took 6.275000000001455. input_tokens=2152, output_tokens=363
16:06:56,665 httpx INFO HTTP Request: POST http://localhost:8000/v1/chat/completions "HTTP/1.1 200 OK"
16:06:56,668 graphrag.llm.base.rate_limiting_llm INFO perf - llm.chat "Process" with 0 retries took 4.700000000000728. input_tokens=1952, output_tokens=267
16:06:56,732 datashaper.workflow.workflow INFO executing verb merge_graphs
16:06:56,737 graphrag.index.emit.parquet_table_emitter INFO emitting parquet table create_base_extracted_entities.parquet
16:06:56,867 graphrag.index.run INFO Running workflow: create_summarized_entities...
16:06:56,867 graphrag.index.run INFO dependencies for create_summarized_entities: ['create_base_extracted_entities']
16:06:56,867 graphrag.index.run INFO read table from storage: create_base_extracted_entities.parquet
16:06:56,882 datashaper.workflow.workflow INFO executing verb summarize_descriptions
16:06:56,888 graphrag.index.emit.parquet_table_emitter INFO emitting parquet table create_summarized_entities.parquet
16:06:57,19 graphrag.index.run INFO Running workflow: create_base_entity_graph...
16:06:57,19 graphrag.index.run INFO dependencies for create_base_entity_graph: ['create_summarized_entities']
16:06:57,19 graphrag.index.run INFO read table from storage: create_summarized_entities.parquet
16:06:57,36 datashaper.workflow.workflow INFO executing verb cluster_graph
16:06:57,53 datashaper.workflow.workflow INFO executing verb select
16:06:57,56 graphrag.index.emit.parquet_table_emitter INFO emitting parquet table create_base_entity_graph.parquet
16:06:57,190 graphrag.index.run INFO Running workflow: create_final_entities...
16:06:57,190 graphrag.index.run INFO dependencies for create_final_entities: ['create_base_entity_graph']
16:06:57,190 graphrag.index.run INFO read table from storage: create_base_entity_graph.parquet
16:06:57,208 datashaper.workflow.workflow INFO executing verb unpack_graph
16:06:57,223 datashaper.workflow.workflow INFO executing verb rename
16:06:57,234 datashaper.workflow.workflow INFO executing verb select
16:06:57,245 datashaper.workflow.workflow INFO executing verb dedupe
16:06:57,258 datashaper.workflow.workflow INFO executing verb rename
16:06:57,271 datashaper.workflow.workflow INFO executing verb filter
16:06:57,302 datashaper.workflow.workflow INFO executing verb text_split
16:06:57,318 datashaper.workflow.workflow INFO executing verb drop
16:06:57,329 datashaper.workflow.workflow INFO executing verb merge
16:06:57,345 datashaper.workflow.workflow INFO executing verb text_embed
16:06:57,345 graphrag.llm.openai.create_openai_client INFO Creating OpenAI client base_url=http://localhost:5000/embed
16:06:57,391 graphrag.index.llm.load_llm INFO create TPM/RPM limiter for nomic-ai/nomic-embed-text-v1.5: TPM=0, RPM=0
16:06:57,391 graphrag.index.llm.load_llm INFO create concurrency limiter for nomic-ai/nomic-embed-text-v1.5: 25
16:06:57,391 graphrag.index.verbs.text.embed.strategies.openai INFO embedding 5 inputs via 5 snippets using 1 batches. max_batch_size=16, max_tokens=8191
16:06:57,395 graphrag.index.reporting.file_workflow_callbacks INFO Error Invoking LLM details={'input': ['"MAÎTRE RENARD":"Maître Renard is a character who is attracted by the smell of the cheese and engages in a conversation with Maître Corbeau."', '"PHÉNIX DES HÔTES DE CES BOIS":"Phénix des hôtes de ces bois is a metaphorical description of Maître Corbeau as the most beautiful bird in the woods."', '"FROMAGE":"fromage is a piece of cheese that is being held by Maître Corbeau and is the subject of the conversation."', '"MAÎTRE CORBEAU":', '"JURA":"Jura is a geographic location, possibly a region or a country."']}
16:06:58,797 graphrag.index.reporting.file_workflow_callbacks INFO Error Invoking LLM details={'input': ['"MAÎTRE RENARD":"Maître Renard is a character who is attracted by the smell of the cheese and engages in a conversation with Maître Corbeau."', '"PHÉNIX DES HÔTES DE CES BOIS":"Phénix des hôtes de ces bois is a metaphorical description of Maître Corbeau as the most beautiful bird in the woods."', '"FROMAGE":"fromage is a piece of cheese that is being held by Maître Corbeau and is the subject of the conversation."', '"MAÎTRE CORBEAU":', '"JURA":"Jura is a geographic location, possibly a region or a country."']}
16:07:01,129 graphrag.index.reporting.file_workflow_callbacks INFO Error Invoking LLM details={'input': ['"MAÎTRE RENARD":"Maître Renard is a character who is attracted by the smell of the cheese and engages in a conversation with Maître Corbeau."', '"PHÉNIX DES HÔTES DE CES BOIS":"Phénix des hôtes de ces bois is a metaphorical description of Maître Corbeau as the most beautiful bird in the woods."', '"FROMAGE":"fromage is a piece of cheese that is being held by Maître Corbeau and is the subject of the conversation."', '"MAÎTRE CORBEAU":', '"JURA":"Jura is a geographic location, possibly a region or a country."']}
16:07:05,797 graphrag.index.reporting.file_workflow_callbacks INFO Error Invoking LLM details={'input': ['"MAÎTRE RENARD":"Maître Renard is a character who is attracted by the smell of the cheese and engages in a conversation with Maître Corbeau."', '"PHÉNIX DES HÔTES DE CES BOIS":"Phénix des hôtes de ces bois is a metaphorical description of Maître Corbeau as the most beautiful bird in the woods."', '"FROMAGE":"fromage is a piece of cheese that is being held by Maître Corbeau and is the subject of the conversation."', '"MAÎTRE CORBEAU":', '"JURA":"Jura is a geographic location, possibly a region or a country."']}
16:07:14,622 graphrag.index.reporting.file_workflow_callbacks INFO Error Invoking LLM details={'input': ['"MAÎTRE RENARD":"Maître Renard is a character who is attracted by the smell of the cheese and engages in a conversation with Maître Corbeau."', '"PHÉNIX DES HÔTES DE CES BOIS":"Phénix des hôtes de ces bois is a metaphorical description of Maître Corbeau as the most beautiful bird in the woods."', '"FROMAGE":"fromage is a piece of cheese that is being held by Maître Corbeau and is the subject of the conversation."', '"MAÎTRE CORBEAU":', '"JURA":"Jura is a geographic location, possibly a region or a country."']}
16:07:24,634 graphrag.index.reporting.file_workflow_callbacks INFO Error Invoking LLM details={'input': ['"MAÎTRE RENARD":"Maître Renard is a character who is attracted by the smell of the cheese and engages in a conversation with Maître Corbeau."', '"PHÉNIX DES HÔTES DE CES BOIS":"Phénix des hôtes de ces bois is a metaphorical description of Maître Corbeau as the most beautiful bird in the woods."', '"FROMAGE":"fromage is a piece of cheese that is being held by Maître Corbeau and is the subject of the conversation."', '"MAÎTRE CORBEAU":', '"JURA":"Jura is a geographic location, possibly a region or a country."']}
16:07:34,648 graphrag.index.reporting.file_workflow_callbacks INFO Error Invoking LLM details={'input': ['"MAÎTRE RENARD":"Maître Renard is a character who is attracted by the smell of the cheese and engages in a conversation with Maître Corbeau."', '"PHÉNIX DES HÔTES DE CES BOIS":"Phénix des hôtes de ces bois is a metaphorical description of Maître Corbeau as the most beautiful bird in the woods."', '"FROMAGE":"fromage is a piece of cheese that is being held by Maître Corbeau and is the subject of the conversation."', '"MAÎTRE CORBEAU":', '"JURA":"Jura is a geographic location, possibly a region or a country."']}
16:07:44,666 graphrag.index.reporting.file_workflow_callbacks INFO Error Invoking LLM details={'input': ['"MAÎTRE RENARD":"Maître Renard is a character who is attracted by the smell of the cheese and engages in a conversation with Maître Corbeau."', '"PHÉNIX DES HÔTES DE CES BOIS":"Phénix des hôtes de ces bois is a metaphorical description of Maître Corbeau as the most beautiful bird in the woods."', '"FROMAGE":"fromage is a piece of cheese that is being held by Maître Corbeau and is the subject of the conversation."', '"MAÎTRE CORBEAU":', '"JURA":"Jura is a geographic location, possibly a region or a country."']}
16:07:54,681 graphrag.index.reporting.file_workflow_callbacks INFO Error Invoking LLM details={'input': ['"MAÎTRE RENARD":"Maître Renard is a character who is attracted by the smell of the cheese and engages in a conversation with Maître Corbeau."', '"PHÉNIX DES HÔTES DE CES BOIS":"Phénix des hôtes de ces bois is a metaphorical description of Maître Corbeau as the most beautiful bird in the woods."', '"FROMAGE":"fromage is a piece of cheese that is being held by Maître Corbeau and is the subject of the conversation."', '"MAÎTRE CORBEAU":', '"JURA":"Jura is a geographic location, possibly a region or a country."']}
16:08:04,699 graphrag.index.reporting.file_workflow_callbacks INFO Error Invoking LLM details={'input': ['"MAÎTRE RENARD":"Maître Renard is a character who is attracted by the smell of the cheese and engages in a conversation with Maître Corbeau."', '"PHÉNIX DES HÔTES DE CES BOIS":"Phénix des hôtes de ces bois is a metaphorical description of Maître Corbeau as the most beautiful bird in the woods."', '"FROMAGE":"fromage is a piece of cheese that is being held by Maître Corbeau and is the subject of the conversation."', '"MAÎTRE CORBEAU":', '"JURA":"Jura is a geographic location, possibly a region or a country."']}
16:08:04,700 datashaper.workflow.workflow ERROR Error executing verb "text_embed" in create_final_entities: Connection error.
Traceback (most recent call last):
  File "/home/l-t7-unknown/.local/lib/python3.10/site-packages/httpx/_transports/default.py", line 69, in map_httpcore_exceptions
    yield
  File "/home/l-t7-unknown/.local/lib/python3.10/site-packages/httpx/_transports/default.py", line 373, in handle_async_request
    resp = await self._pool.handle_async_request(req)
  File "/home/l-t7-unknown/.local/lib/python3.10/site-packages/httpcore/_async/connection_pool.py", line 216, in handle_async_request
    raise exc from None
  File "/home/l-t7-unknown/.local/lib/python3.10/site-packages/httpcore/_async/connection_pool.py", line 196, in handle_async_request
    response = await connection.handle_async_request(
  File "/home/l-t7-unknown/.local/lib/python3.10/site-packages/httpcore/_async/connection.py", line 99, in handle_async_request
    raise exc
  File "/home/l-t7-unknown/.local/lib/python3.10/site-packages/httpcore/_async/connection.py", line 76, in handle_async_request
    stream = await self._connect(request)
  File "/home/l-t7-unknown/.local/lib/python3.10/site-packages/httpcore/_async/connection.py", line 122, in _connect
    stream = await self._network_backend.connect_tcp(**kwargs)
  File "/home/l-t7-unknown/.local/lib/python3.10/site-packages/httpcore/_backends/auto.py", line 30, in connect_tcp
    return await self._backend.connect_tcp(
  File "/home/l-t7-unknown/.local/lib/python3.10/site-packages/httpcore/_backends/anyio.py", line 114, in connect_tcp
    with map_exceptions(exc_map):
  File "/usr/lib/python3.10/contextlib.py", line 153, in __exit__
    self.gen.throw(typ, value, traceback)
  File "/home/l-t7-unknown/.local/lib/python3.10/site-packages/httpcore/_exceptions.py", line 14, in map_exceptions
    raise to_exc(exc) from exc
httpcore.ConnectError: All connection attempts failed

The above exception was the direct cause of the following exception:

Traceback (most recent call last):
  File "/home/l-t7-unknown/.local/lib/python3.10/site-packages/openai/_base_client.py", line 1558, in _request
    response = await self._client.send(
  File "/home/l-t7-unknown/.local/lib/python3.10/site-packages/httpx/_client.py", line 1661, in send
    response = await self._send_handling_auth(
  File "/home/l-t7-unknown/.local/lib/python3.10/site-packages/httpx/_client.py", line 1689, in _send_handling_auth
    response = await self._send_handling_redirects(
  File "/home/l-t7-unknown/.local/lib/python3.10/site-packages/httpx/_client.py", line 1726, in _send_handling_redirects
    response = await self._send_single_request(request)
  File "/home/l-t7-unknown/.local/lib/python3.10/site-packages/httpx/_client.py", line 1763, in _send_single_request
    response = await transport.handle_async_request(request)
  File "/home/l-t7-unknown/.local/lib/python3.10/site-packages/httpx/_transports/default.py", line 372, in handle_async_request
    with map_httpcore_exceptions():
  File "/usr/lib/python3.10/contextlib.py", line 153, in __exit__
    self.gen.throw(typ, value, traceback)
  File "/home/l-t7-unknown/.local/lib/python3.10/site-packages/httpx/_transports/default.py", line 86, in map_httpcore_exceptions
    raise mapped_exc(message) from exc
httpx.ConnectError: All connection attempts failed

The above exception was the direct cause of the following exception:

Traceback (most recent call last):
  File "/home/l-t7-unknown/.local/lib/python3.10/site-packages/datashaper/workflow/workflow.py", line 415, in _execute_verb
    result = await result
  File "/home/l-t7-unknown/.local/lib/python3.10/site-packages/graphrag/index/verbs/text/embed/text_embed.py", line 105, in text_embed
    return await _text_embed_in_memory(
  File "/home/l-t7-unknown/.local/lib/python3.10/site-packages/graphrag/index/verbs/text/embed/text_embed.py", line 130, in _text_embed_in_memory
    result = await strategy_exec(texts, callbacks, cache, strategy_args)
  File "/home/l-t7-unknown/.local/lib/python3.10/site-packages/graphrag/index/verbs/text/embed/strategies/openai.py", line 61, in run
    embeddings = await _execute(llm, text_batches, ticker, semaphore)
  File "/home/l-t7-unknown/.local/lib/python3.10/site-packages/graphrag/index/verbs/text/embed/strategies/openai.py", line 105, in _execute
    results = await asyncio.gather(*futures)
  File "/home/l-t7-unknown/.local/lib/python3.10/site-packages/graphrag/index/verbs/text/embed/strategies/openai.py", line 99, in embed
    chunk_embeddings = await llm(chunk)
  File "/home/l-t7-unknown/.local/lib/python3.10/site-packages/graphrag/llm/base/caching_llm.py", line 104, in __call__
    result = await self._delegate(input, **kwargs)
  File "/home/l-t7-unknown/.local/lib/python3.10/site-packages/graphrag/llm/base/rate_limiting_llm.py", line 177, in __call__
    result, start = await execute_with_retry()
  File "/home/l-t7-unknown/.local/lib/python3.10/site-packages/graphrag/llm/base/rate_limiting_llm.py", line 159, in execute_with_retry
    async for attempt in retryer:
  File "/home/l-t7-unknown/.local/lib/python3.10/site-packages/tenacity/asyncio/__init__.py", line 166, in __anext__
    do = await self.iter(retry_state=self._retry_state)
  File "/home/l-t7-unknown/.local/lib/python3.10/site-packages/tenacity/asyncio/__init__.py", line 153, in iter
    result = await action(retry_state)
  File "/home/l-t7-unknown/.local/lib/python3.10/site-packages/tenacity/_utils.py", line 99, in inner
    return call(*args, **kwargs)
  File "/home/l-t7-unknown/.local/lib/python3.10/site-packages/tenacity/__init__.py", line 418, in exc_check
    raise retry_exc.reraise()
  File "/home/l-t7-unknown/.local/lib/python3.10/site-packages/tenacity/__init__.py", line 185, in reraise
    raise self.last_attempt.result()
  File "/usr/lib/python3.10/concurrent/futures/_base.py", line 451, in result
    return self.__get_result()
  File "/usr/lib/python3.10/concurrent/futures/_base.py", line 403, in __get_result
    raise self._exception
  File "/home/l-t7-unknown/.local/lib/python3.10/site-packages/graphrag/llm/base/rate_limiting_llm.py", line 165, in execute_with_retry
    return await do_attempt(), start
  File "/home/l-t7-unknown/.local/lib/python3.10/site-packages/graphrag/llm/base/rate_limiting_llm.py", line 147, in do_attempt
    return await self._delegate(input, **kwargs)
  File "/home/l-t7-unknown/.local/lib/python3.10/site-packages/graphrag/llm/base/base_llm.py", line 49, in __call__
    return await self._invoke(input, **kwargs)
  File "/home/l-t7-unknown/.local/lib/python3.10/site-packages/graphrag/llm/base/base_llm.py", line 53, in _invoke
    output = await self._execute_llm(input, **kwargs)
  File "/home/l-t7-unknown/.local/lib/python3.10/site-packages/graphrag/llm/openai/openai_embeddings_llm.py", line 36, in _execute_llm
    embedding = await self.client.embeddings.create(
  File "/home/l-t7-unknown/.local/lib/python3.10/site-packages/openai/resources/embeddings.py", line 215, in create
    return await self._post(
  File "/home/l-t7-unknown/.local/lib/python3.10/site-packages/openai/_base_client.py", line 1826, in post
    return await self.request(cast_to, opts, stream=stream, stream_cls=stream_cls)
  File "/home/l-t7-unknown/.local/lib/python3.10/site-packages/openai/_base_client.py", line 1519, in request
    return await self._request(
  File "/home/l-t7-unknown/.local/lib/python3.10/site-packages/openai/_base_client.py", line 1592, in _request
    raise APIConnectionError(request=request) from err
openai.APIConnectionError: Connection error.
16:08:04,705 graphrag.index.reporting.file_workflow_callbacks INFO Error executing verb "text_embed" in create_final_entities: Connection error. details=None
16:08:04,736 graphrag.index.run ERROR error running workflow create_final_entities
Traceback (most recent call last):
  File "/home/l-t7-unknown/.local/lib/python3.10/site-packages/httpx/_transports/default.py", line 69, in map_httpcore_exceptions
    yield
  File "/home/l-t7-unknown/.local/lib/python3.10/site-packages/httpx/_transports/default.py", line 373, in handle_async_request
    resp = await self._pool.handle_async_request(req)
  File "/home/l-t7-unknown/.local/lib/python3.10/site-packages/httpcore/_async/connection_pool.py", line 216, in handle_async_request
    raise exc from None
  File "/home/l-t7-unknown/.local/lib/python3.10/site-packages/httpcore/_async/connection_pool.py", line 196, in handle_async_request
    response = await connection.handle_async_request(
  File "/home/l-t7-unknown/.local/lib/python3.10/site-packages/httpcore/_async/connection.py", line 99, in handle_async_request
    raise exc
  File "/home/l-t7-unknown/.local/lib/python3.10/site-packages/httpcore/_async/connection.py", line 76, in handle_async_request
    stream = await self._connect(request)
  File "/home/l-t7-unknown/.local/lib/python3.10/site-packages/httpcore/_async/connection.py", line 122, in _connect
    stream = await self._network_backend.connect_tcp(**kwargs)
  File "/home/l-t7-unknown/.local/lib/python3.10/site-packages/httpcore/_backends/auto.py", line 30, in connect_tcp
    return await self._backend.connect_tcp(
  File "/home/l-t7-unknown/.local/lib/python3.10/site-packages/httpcore/_backends/anyio.py", line 114, in connect_tcp
    with map_exceptions(exc_map):
  File "/usr/lib/python3.10/contextlib.py", line 153, in __exit__
    self.gen.throw(typ, value, traceback)
  File "/home/l-t7-unknown/.local/lib/python3.10/site-packages/httpcore/_exceptions.py", line 14, in map_exceptions
    raise to_exc(exc) from exc
httpcore.ConnectError: All connection attempts failed

The above exception was the direct cause of the following exception:

Traceback (most recent call last):
  File "/home/l-t7-unknown/.local/lib/python3.10/site-packages/openai/_base_client.py", line 1558, in _request
    response = await self._client.send(
  File "/home/l-t7-unknown/.local/lib/python3.10/site-packages/httpx/_client.py", line 1661, in send
    response = await self._send_handling_auth(
  File "/home/l-t7-unknown/.local/lib/python3.10/site-packages/httpx/_client.py", line 1689, in _send_handling_auth
    response = await self._send_handling_redirects(
  File "/home/l-t7-unknown/.local/lib/python3.10/site-packages/httpx/_client.py", line 1726, in _send_handling_redirects
    response = await self._send_single_request(request)
  File "/home/l-t7-unknown/.local/lib/python3.10/site-packages/httpx/_client.py", line 1763, in _send_single_request
    response = await transport.handle_async_request(request)
  File "/home/l-t7-unknown/.local/lib/python3.10/site-packages/httpx/_transports/default.py", line 372, in handle_async_request
    with map_httpcore_exceptions():
  File "/usr/lib/python3.10/contextlib.py", line 153, in __exit__
    self.gen.throw(typ, value, traceback)
  File "/home/l-t7-unknown/.local/lib/python3.10/site-packages/httpx/_transports/default.py", line 86, in map_httpcore_exceptions
    raise mapped_exc(message) from exc
httpx.ConnectError: All connection attempts failed

The above exception was the direct cause of the following exception:

Traceback (most recent call last):
  File "/home/l-t7-unknown/.local/lib/python3.10/site-packages/graphrag/index/run.py", line 323, in run_pipeline
    result = await workflow.run(context, callbacks)
  File "/home/l-t7-unknown/.local/lib/python3.10/site-packages/datashaper/workflow/workflow.py", line 369, in run
    timing = await self._execute_verb(node, context, callbacks)
  File "/home/l-t7-unknown/.local/lib/python3.10/site-packages/datashaper/workflow/workflow.py", line 415, in _execute_verb
    result = await result
  File "/home/l-t7-unknown/.local/lib/python3.10/site-packages/graphrag/index/verbs/text/embed/text_embed.py", line 105, in text_embed
    return await _text_embed_in_memory(
  File "/home/l-t7-unknown/.local/lib/python3.10/site-packages/graphrag/index/verbs/text/embed/text_embed.py", line 130, in _text_embed_in_memory
    result = await strategy_exec(texts, callbacks, cache, strategy_args)
  File "/home/l-t7-unknown/.local/lib/python3.10/site-packages/graphrag/index/verbs/text/embed/strategies/openai.py", line 61, in run
    embeddings = await _execute(llm, text_batches, ticker, semaphore)
  File "/home/l-t7-unknown/.local/lib/python3.10/site-packages/graphrag/index/verbs/text/embed/strategies/openai.py", line 105, in _execute
    results = await asyncio.gather(*futures)
  File "/home/l-t7-unknown/.local/lib/python3.10/site-packages/graphrag/index/verbs/text/embed/strategies/openai.py", line 99, in embed
    chunk_embeddings = await llm(chunk)
  File "/home/l-t7-unknown/.local/lib/python3.10/site-packages/graphrag/llm/base/caching_llm.py", line 104, in __call__
    result = await self._delegate(input, **kwargs)
  File "/home/l-t7-unknown/.local/lib/python3.10/site-packages/graphrag/llm/base/rate_limiting_llm.py", line 177, in __call__
    result, start = await execute_with_retry()
  File "/home/l-t7-unknown/.local/lib/python3.10/site-packages/graphrag/llm/base/rate_limiting_llm.py", line 159, in execute_with_retry
    async for attempt in retryer:
  File "/home/l-t7-unknown/.local/lib/python3.10/site-packages/tenacity/asyncio/__init__.py", line 166, in __anext__
    do = await self.iter(retry_state=self._retry_state)
  File "/home/l-t7-unknown/.local/lib/python3.10/site-packages/tenacity/asyncio/__init__.py", line 153, in iter
    result = await action(retry_state)
  File "/home/l-t7-unknown/.local/lib/python3.10/site-packages/tenacity/_utils.py", line 99, in inner
    return call(*args, **kwargs)
  File "/home/l-t7-unknown/.local/lib/python3.10/site-packages/tenacity/__init__.py", line 418, in exc_check
    raise retry_exc.reraise()
  File "/home/l-t7-unknown/.local/lib/python3.10/site-packages/tenacity/__init__.py", line 185, in reraise
    raise self.last_attempt.result()
  File "/usr/lib/python3.10/concurrent/futures/_base.py", line 451, in result
    return self.__get_result()
  File "/usr/lib/python3.10/concurrent/futures/_base.py", line 403, in __get_result
    raise self._exception
  File "/home/l-t7-unknown/.local/lib/python3.10/site-packages/graphrag/llm/base/rate_limiting_llm.py", line 165, in execute_with_retry
    return await do_attempt(), start
  File "/home/l-t7-unknown/.local/lib/python3.10/site-packages/graphrag/llm/base/rate_limiting_llm.py", line 147, in do_attempt
    return await self._delegate(input, **kwargs)
  File "/home/l-t7-unknown/.local/lib/python3.10/site-packages/graphrag/llm/base/base_llm.py", line 49, in __call__
    return await self._invoke(input, **kwargs)
  File "/home/l-t7-unknown/.local/lib/python3.10/site-packages/graphrag/llm/base/base_llm.py", line 53, in _invoke
    output = await self._execute_llm(input, **kwargs)
  File "/home/l-t7-unknown/.local/lib/python3.10/site-packages/graphrag/llm/openai/openai_embeddings_llm.py", line 36, in _execute_llm
    embedding = await self.client.embeddings.create(
  File "/home/l-t7-unknown/.local/lib/python3.10/site-packages/openai/resources/embeddings.py", line 215, in create
    return await self._post(
  File "/home/l-t7-unknown/.local/lib/python3.10/site-packages/openai/_base_client.py", line 1826, in post
    return await self.request(cast_to, opts, stream=stream, stream_cls=stream_cls)
  File "/home/l-t7-unknown/.local/lib/python3.10/site-packages/openai/_base_client.py", line 1519, in request
    return await self._request(
  File "/home/l-t7-unknown/.local/lib/python3.10/site-packages/openai/_base_client.py", line 1592, in _request
    raise APIConnectionError(request=request) from err
openai.APIConnectionError: Connection error.
16:08:04,738 graphrag.index.reporting.file_workflow_callbacks INFO Error running pipeline! details=None
